This is pdfTeX, Version 3.14159265-2.6-1.40.19 (TeX Live 2018) (preloaded format=pdflatex 2018.10.22)  20 MAY 2019 11:51
entering extended mode
 restricted \write18 enabled.
 %&-line parsing enabled.
**main.tex
(./main.tex
LaTeX2e <2018-04-01> patch level 2
Babel <3.18> and hyphenation patterns for 84 language(s) loaded.
(/usr/local/texlive/2018/texmf-dist/tex/latex/base/book.cls
Document Class: book 2014/09/29 v1.4h Standard LaTeX document class
(/usr/local/texlive/2018/texmf-dist/tex/latex/base/bk12.clo
File: bk12.clo 2014/09/29 v1.4h Standard LaTeX file (size option)
)
\c@part=\count80
\c@chapter=\count81
\c@section=\count82
\c@subsection=\count83
\c@subsubsection=\count84
\c@paragraph=\count85
\c@subparagraph=\count86
\c@figure=\count87
\c@table=\count88
\abovecaptionskip=\skip41
\belowcaptionskip=\skip42
\bibindent=\dimen102
)
(/usr/local/texlive/2018/texmf-dist/tex/latex/geometry/geometry.sty
Package: geometry 2018/03/24 v5.7 Page Geometry

(/usr/local/texlive/2018/texmf-dist/tex/latex/graphics/keyval.sty
Package: keyval 2014/10/28 v1.15 key=value parser (DPC)
\KV@toks@=\toks14
)
(/usr/local/texlive/2018/texmf-dist/tex/generic/oberdiek/ifpdf.sty
Package: ifpdf 2017/03/15 v3.2 Provides the ifpdf switch
)
(/usr/local/texlive/2018/texmf-dist/tex/generic/oberdiek/ifvtex.sty
Package: ifvtex 2016/05/16 v1.6 Detect VTeX and its facilities (HO)
Package ifvtex Info: VTeX not detected.
)
(/usr/local/texlive/2018/texmf-dist/tex/generic/ifxetex/ifxetex.sty
Package: ifxetex 2010/09/12 v0.6 Provides ifxetex conditional
)
\Gm@cnth=\count89
\Gm@cntv=\count90
\c@Gm@tempcnt=\count91
\Gm@bindingoffset=\dimen103
\Gm@wd@mp=\dimen104
\Gm@odd@mp=\dimen105
\Gm@even@mp=\dimen106
\Gm@layoutwidth=\dimen107
\Gm@layoutheight=\dimen108
\Gm@layouthoffset=\dimen109
\Gm@layoutvoffset=\dimen110
\Gm@dimlist=\toks15
)
(/usr/local/texlive/2018/texmf-dist/tex/latex/fancyhdr/fancyhdr.sty
Package: fancyhdr 2017/06/30 v3.9a Extensive control of page headers and footer
s
\f@nch@headwidth=\skip43
\f@nch@O@elh=\skip44
\f@nch@O@erh=\skip45
\f@nch@O@olh=\skip46
\f@nch@O@orh=\skip47
\f@nch@O@elf=\skip48
\f@nch@O@erf=\skip49
\f@nch@O@olf=\skip50
\f@nch@O@orf=\skip51
)
(/usr/local/texlive/2018/texmf-dist/tex/latex/titlesec/titlesec.sty
Package: titlesec 2016/03/21 v2.10.2 Sectioning titles
\ttl@box=\box26
\beforetitleunit=\skip52
\aftertitleunit=\skip53
\ttl@plus=\dimen111
\ttl@minus=\dimen112
\ttl@toksa=\toks16
\titlewidth=\dimen113
\titlewidthlast=\dimen114
\titlewidthfirst=\dimen115
)
(/usr/local/texlive/2018/texmf-dist/tex/latex/tools/indentfirst.sty
Package: indentfirst 1995/11/23 v1.03 Indent first paragraph (DPC)
)
(/usr/local/texlive/2018/texmf-dist/tex/latex/graphics/graphicx.sty
Package: graphicx 2017/06/01 v1.1a Enhanced LaTeX Graphics (DPC,SPQR)

(/usr/local/texlive/2018/texmf-dist/tex/latex/graphics/graphics.sty
Package: graphics 2017/06/25 v1.2c Standard LaTeX Graphics (DPC,SPQR)

(/usr/local/texlive/2018/texmf-dist/tex/latex/graphics/trig.sty
Package: trig 2016/01/03 v1.10 sin cos tan (DPC)
)
(/usr/local/texlive/2018/texmf-dist/tex/latex/graphics-cfg/graphics.cfg
File: graphics.cfg 2016/06/04 v1.11 sample graphics configuration
)
Package graphics Info: Driver file: pdftex.def on input line 99.

(/usr/local/texlive/2018/texmf-dist/tex/latex/graphics-def/pdftex.def
File: pdftex.def 2018/01/08 v1.0l Graphics/color driver for pdftex
))
\Gin@req@height=\dimen116
\Gin@req@width=\dimen117
)
(/usr/local/texlive/2018/texmf-dist/tex/latex/tools/enumerate.sty
Package: enumerate 2015/07/23 v3.00 enumerate extensions (DPC)
\@enLab=\toks17
)
(/usr/local/texlive/2018/texmf-dist/tex/latex/amsmath/amsmath.sty
Package: amsmath 2017/09/02 v2.17a AMS math features
\@mathmargin=\skip54

For additional information on amsmath, use the `?' option.
(/usr/local/texlive/2018/texmf-dist/tex/latex/amsmath/amstext.sty
Package: amstext 2000/06/29 v2.01 AMS text

(/usr/local/texlive/2018/texmf-dist/tex/latex/amsmath/amsgen.sty
File: amsgen.sty 1999/11/30 v2.0 generic functions
\@emptytoks=\toks18
\ex@=\dimen118
))
(/usr/local/texlive/2018/texmf-dist/tex/latex/amsmath/amsbsy.sty
Package: amsbsy 1999/11/29 v1.2d Bold Symbols
\pmbraise@=\dimen119
)
(/usr/local/texlive/2018/texmf-dist/tex/latex/amsmath/amsopn.sty
Package: amsopn 2016/03/08 v2.02 operator names
)
\inf@bad=\count92
LaTeX Info: Redefining \frac on input line 213.
\uproot@=\count93
\leftroot@=\count94
LaTeX Info: Redefining \overline on input line 375.
\classnum@=\count95
\DOTSCASE@=\count96
LaTeX Info: Redefining \ldots on input line 472.
LaTeX Info: Redefining \dots on input line 475.
LaTeX Info: Redefining \cdots on input line 596.
\Mathstrutbox@=\box27
\strutbox@=\box28
\big@size=\dimen120
LaTeX Font Info:    Redeclaring font encoding OML on input line 712.
LaTeX Font Info:    Redeclaring font encoding OMS on input line 713.
\macc@depth=\count97
\c@MaxMatrixCols=\count98
\dotsspace@=\muskip10
\c@parentequation=\count99
\dspbrk@lvl=\count100
\tag@help=\toks19
\row@=\count101
\column@=\count102
\maxfields@=\count103
\andhelp@=\toks20
\eqnshift@=\dimen121
\alignsep@=\dimen122
\tagshift@=\dimen123
\tagwidth@=\dimen124
\totwidth@=\dimen125
\lineht@=\dimen126
\@envbody=\toks21
\multlinegap=\skip55
\multlinetaggap=\skip56
\mathdisplay@stack=\toks22
LaTeX Info: Redefining \[ on input line 2817.
LaTeX Info: Redefining \] on input line 2818.
)
(/usr/local/texlive/2018/texmf-dist/tex/latex/amsfonts/amsfonts.sty
Package: amsfonts 2013/01/14 v3.01 Basic AMSFonts support
\symAMSa=\mathgroup4
\symAMSb=\mathgroup5
LaTeX Font Info:    Overwriting math alphabet `\mathfrak' in version `bold'
(Font)                  U/euf/m/n --> U/euf/b/n on input line 106.
)
(/usr/local/texlive/2018/texmf-dist/tex/latex/stmaryrd/stmaryrd.sty
Package: stmaryrd 1994/03/03 St Mary's Road symbol package
\symstmry=\mathgroup6
LaTeX Font Info:    Overwriting symbol font `stmry' in version `bold'
(Font)                  U/stmry/m/n --> U/stmry/b/n on input line 89.
)
(/usr/local/texlive/2018/texmf-dist/tex/latex/amsfonts/amssymb.sty
Package: amssymb 2013/01/14 v3.01 AMS font symbols
LaTeX Font Info:    Redeclaring math symbol \boxdot on input line 44.
)
(/usr/local/texlive/2018/texmf-dist/tex/latex/hyperref/hyperref.sty
Package: hyperref 2018/02/06 v6.86b Hypertext links for LaTeX

(/usr/local/texlive/2018/texmf-dist/tex/generic/oberdiek/hobsub-hyperref.sty
Package: hobsub-hyperref 2016/05/16 v1.14 Bundle oberdiek, subset hyperref (HO)


(/usr/local/texlive/2018/texmf-dist/tex/generic/oberdiek/hobsub-generic.sty
Package: hobsub-generic 2016/05/16 v1.14 Bundle oberdiek, subset generic (HO)
Package: hobsub 2016/05/16 v1.14 Construct package bundles (HO)
Package: infwarerr 2016/05/16 v1.4 Providing info/warning/error messages (HO)
Package: ltxcmds 2016/05/16 v1.23 LaTeX kernel commands for general use (HO)
Package: ifluatex 2016/05/16 v1.4 Provides the ifluatex switch (HO)
Package ifluatex Info: LuaTeX not detected.
Package hobsub Info: Skipping package `ifvtex' (already loaded).
Package: intcalc 2016/05/16 v1.2 Expandable calculations with integers (HO)
Package hobsub Info: Skipping package `ifpdf' (already loaded).
Package: etexcmds 2016/05/16 v1.6 Avoid name clashes with e-TeX commands (HO)
Package etexcmds Info: Could not find \expanded.
(etexcmds)             That can mean that you are not using pdfTeX 1.50 or
(etexcmds)             that some package has redefined \expanded.
(etexcmds)             In the latter case, load this package earlier.
Package: kvsetkeys 2016/05/16 v1.17 Key value parser (HO)
Package: kvdefinekeys 2016/05/16 v1.4 Define keys (HO)
Package: pdftexcmds 2018/01/30 v0.27 Utility functions of pdfTeX for LuaTeX (HO
)
Package pdftexcmds Info: LuaTeX not detected.
Package pdftexcmds Info: \pdf@primitive is available.
Package pdftexcmds Info: \pdf@ifprimitive is available.
Package pdftexcmds Info: \pdfdraftmode found.
Package: pdfescape 2016/05/16 v1.14 Implements pdfTeX's escape features (HO)
Package: bigintcalc 2016/05/16 v1.4 Expandable calculations on big integers (HO
)
Package: bitset 2016/05/16 v1.2 Handle bit-vector datatype (HO)
Package: uniquecounter 2016/05/16 v1.3 Provide unlimited unique counter (HO)
)
Package hobsub Info: Skipping package `hobsub' (already loaded).
Package: letltxmacro 2016/05/16 v1.5 Let assignment for LaTeX macros (HO)
Package: hopatch 2016/05/16 v1.3 Wrapper for package hooks (HO)
Package: xcolor-patch 2016/05/16 xcolor patch
Package: atveryend 2016/05/16 v1.9 Hooks at the very end of document (HO)
Package atveryend Info: \enddocument detected (standard20110627).
Package: atbegshi 2016/06/09 v1.18 At begin shipout hook (HO)
Package: refcount 2016/05/16 v3.5 Data extraction from label references (HO)
Package: hycolor 2016/05/16 v1.8 Color options for hyperref/bookmark (HO)
)
(/usr/local/texlive/2018/texmf-dist/tex/latex/oberdiek/auxhook.sty
Package: auxhook 2016/05/16 v1.4 Hooks for auxiliary files (HO)
)
(/usr/local/texlive/2018/texmf-dist/tex/latex/oberdiek/kvoptions.sty
Package: kvoptions 2016/05/16 v3.12 Key value format for package options (HO)
)
\@linkdim=\dimen127
\Hy@linkcounter=\count104
\Hy@pagecounter=\count105

(/usr/local/texlive/2018/texmf-dist/tex/latex/hyperref/pd1enc.def
File: pd1enc.def 2018/02/06 v6.86b Hyperref: PDFDocEncoding definition (HO)
Now handling font encoding PD1 ...
... no UTF-8 mapping file for font encoding PD1
)
\Hy@SavedSpaceFactor=\count106

(/usr/local/texlive/2018/texmf-dist/tex/latex/latexconfig/hyperref.cfg
File: hyperref.cfg 2002/06/06 v1.2 hyperref configuration of TeXLive
)
Package hyperref Info: Option `colorlinks' set `true' on input line 4383.
Package hyperref Info: Hyper figures OFF on input line 4509.
Package hyperref Info: Link nesting OFF on input line 4514.
Package hyperref Info: Hyper index ON on input line 4517.
Package hyperref Info: Plain pages OFF on input line 4524.
Package hyperref Info: Backreferencing OFF on input line 4529.
Package hyperref Info: Implicit mode ON; LaTeX internals redefined.
Package hyperref Info: Bookmarks ON on input line 4762.
\c@Hy@tempcnt=\count107

(/usr/local/texlive/2018/texmf-dist/tex/latex/url/url.sty
\Urlmuskip=\muskip11
Package: url 2013/09/16  ver 3.4  Verb mode for urls, etc.
)
LaTeX Info: Redefining \url on input line 5115.
\XeTeXLinkMargin=\dimen128
\Fld@menulength=\count108
\Field@Width=\dimen129
\Fld@charsize=\dimen130
Package hyperref Info: Hyper figures OFF on input line 6369.
Package hyperref Info: Link nesting OFF on input line 6374.
Package hyperref Info: Hyper index ON on input line 6377.
Package hyperref Info: backreferencing OFF on input line 6384.
Package hyperref Info: Link coloring ON on input line 6387.
Package hyperref Info: Link coloring with OCG OFF on input line 6394.
Package hyperref Info: PDF/A mode OFF on input line 6399.
LaTeX Info: Redefining \ref on input line 6439.
LaTeX Info: Redefining \pageref on input line 6443.
\Hy@abspage=\count109
\c@Item=\count110
\c@Hfootnote=\count111
)
Package hyperref Info: Driver (autodetected): hpdftex.

(/usr/local/texlive/2018/texmf-dist/tex/latex/hyperref/hpdftex.def
File: hpdftex.def 2018/02/06 v6.86b Hyperref driver for pdfTeX
\Fld@listcount=\count112
\c@bookmark@seq@number=\count113

(/usr/local/texlive/2018/texmf-dist/tex/latex/oberdiek/rerunfilecheck.sty
Package: rerunfilecheck 2016/05/16 v1.8 Rerun checks for auxiliary files (HO)
Package uniquecounter Info: New unique counter `rerunfilecheck' on input line 2
82.
)
\Hy@SectionHShift=\skip57
)
(/usr/local/texlive/2018/texmf-dist/tex/latex/algorithmicx/algorithmicx.sty
Package: algorithmicx 2005/04/27 v1.2 Algorithmicx

(/usr/local/texlive/2018/texmf-dist/tex/latex/base/ifthen.sty
Package: ifthen 2014/09/29 v1.1c Standard LaTeX ifthen package (DPC)
)
Document Style algorithmicx 1.2 - a greatly improved `algorithmic' style
\c@ALG@line=\count114
\c@ALG@rem=\count115
\c@ALG@nested=\count116
\ALG@tlm=\skip58
\ALG@thistlm=\skip59
\c@ALG@Lnr=\count117
\c@ALG@blocknr=\count118
\c@ALG@storecount=\count119
\c@ALG@tmpcounter=\count120
\ALG@tmplength=\skip60
) (/usr/local/texlive/2018/texmf-dist/tex/latex/algorithmicx/algpseudocode.sty
Package: algpseudocode 

Document Style - pseudocode environments for use with the `algorithmicx' style
) (/usr/local/texlive/2018/texmf-dist/tex/latex/xcolor/xcolor.sty
Package: xcolor 2016/05/11 v2.12 LaTeX color extensions (UK)

(/usr/local/texlive/2018/texmf-dist/tex/latex/graphics-cfg/color.cfg
File: color.cfg 2016/01/02 v1.6 sample color configuration
)
Package xcolor Info: Driver file: pdftex.def on input line 225.

(/usr/local/texlive/2018/texmf-dist/tex/latex/colortbl/colortbl.sty
Package: colortbl 2012/02/13 v1.0a Color table columns (DPC)

(/usr/local/texlive/2018/texmf-dist/tex/latex/tools/array.sty
Package: array 2018/04/07 v2.4g Tabular extension package (FMi)
\col@sep=\dimen131
\ar@mcellbox=\box29
\extrarowheight=\dimen132
\NC@list=\toks23
\extratabsurround=\skip61
\backup@length=\skip62
\ar@cellbox=\box30
)
\everycr=\toks24
\minrowclearance=\skip63
)
\rownum=\count121
Package xcolor Info: Model `cmy' substituted by `cmy0' on input line 1348.
Package xcolor Info: Model `hsb' substituted by `rgb' on input line 1352.
Package xcolor Info: Model `RGB' extended on input line 1364.
Package xcolor Info: Model `HTML' substituted by `rgb' on input line 1366.
Package xcolor Info: Model `Hsb' substituted by `hsb' on input line 1367.
Package xcolor Info: Model `tHsb' substituted by `hsb' on input line 1368.
Package xcolor Info: Model `HSB' substituted by `hsb' on input line 1369.
Package xcolor Info: Model `Gray' substituted by `gray' on input line 1370.
Package xcolor Info: Model `wave' substituted by `hsb' on input line 1371.
) (./main.aux)
\openout1 = `main.aux'.

LaTeX Font Info:    Checking defaults for OML/cmm/m/it on input line 37.
LaTeX Font Info:    ... okay on input line 37.
LaTeX Font Info:    Checking defaults for T1/cmr/m/n on input line 37.
LaTeX Font Info:    ... okay on input line 37.
LaTeX Font Info:    Checking defaults for OT1/cmr/m/n on input line 37.
LaTeX Font Info:    ... okay on input line 37.
LaTeX Font Info:    Checking defaults for OMS/cmsy/m/n on input line 37.
LaTeX Font Info:    ... okay on input line 37.
LaTeX Font Info:    Checking defaults for OMX/cmex/m/n on input line 37.
LaTeX Font Info:    ... okay on input line 37.
LaTeX Font Info:    Checking defaults for U/cmr/m/n on input line 37.
LaTeX Font Info:    ... okay on input line 37.
LaTeX Font Info:    Checking defaults for PD1/pdf/m/n on input line 37.
LaTeX Font Info:    ... okay on input line 37.

*geometry* driver: auto-detecting
*geometry* detected driver: pdftex
*geometry* verbose mode - [ preamble ] result:
* driver: pdftex
* paper: a4paper
* layout: <same size as paper>
* layoutoffset:(h,v)=(0.0pt,0.0pt)
* modes: twoside 
* h-part:(L,W,R)=(42.67912pt, 512.14963pt, 42.67912pt)
* v-part:(T,H,B)=(71.13188pt, 702.78308pt, 71.13188pt)
* \paperwidth=597.50787pt
* \paperheight=845.04684pt
* \textwidth=512.14963pt
* \textheight=702.78308pt
* \oddsidemargin=-29.59087pt
* \evensidemargin=-29.59087pt
* \topmargin=-33.0119pt
* \headheight=12.0pt
* \headsep=19.8738pt
* \topskip=12.0pt
* \footskip=30.0pt
* \marginparwidth=98.0pt
* \marginparsep=7.0pt
* \columnsep=10.0pt
* \skip\footins=10.8pt plus 4.0pt minus 2.0pt
* \hoffset=0.0pt
* \voffset=0.0pt
* \mag=1000
* \@twocolumnfalse
* \@twosidetrue
* \@mparswitchtrue
* \@reversemarginfalse
* (1in=72.27pt=25.4mm, 1cm=28.453pt)

(/usr/local/texlive/2018/texmf-dist/tex/context/base/mkii/supp-pdf.mkii
[Loading MPS to PDF converter (version 2006.09.02).]
\scratchcounter=\count122
\scratchdimen=\dimen133
\scratchbox=\box31
\nofMPsegments=\count123
\nofMParguments=\count124
\everyMPshowfont=\toks25
\MPscratchCnt=\count125
\MPscratchDim=\dimen134
\MPnumerator=\count126
\makeMPintoPDFobject=\count127
\everyMPtoPDFconversion=\toks26
) (/usr/local/texlive/2018/texmf-dist/tex/latex/oberdiek/epstopdf-base.sty
Package: epstopdf-base 2016/05/15 v2.6 Base part for package epstopdf

(/usr/local/texlive/2018/texmf-dist/tex/latex/oberdiek/grfext.sty
Package: grfext 2016/05/16 v1.2 Manage graphics extensions (HO)
)
Package epstopdf-base Info: Redefining graphics rule for `.eps' on input line 4
38.
Package grfext Info: Graphics extension search list:
(grfext)             [.pdf,.png,.jpg,.mps,.jpeg,.jbig2,.jb2,.PDF,.PNG,.JPG,.JPE
G,.JBIG2,.JB2,.eps]
(grfext)             \AppendGraphicsExtensions on input line 456.

(/usr/local/texlive/2018/texmf-dist/tex/latex/latexconfig/epstopdf-sys.cfg
File: epstopdf-sys.cfg 2010/07/13 v1.3 Configuration of (r)epstopdf for TeX Liv
e
))
\AtBeginShipoutBox=\box32
Package hyperref Info: Link coloring ON on input line 37.

(/usr/local/texlive/2018/texmf-dist/tex/latex/hyperref/nameref.sty
Package: nameref 2016/05/21 v2.44 Cross-referencing by name of section

(/usr/local/texlive/2018/texmf-dist/tex/generic/oberdiek/gettitlestring.sty
Package: gettitlestring 2016/05/16 v1.5 Cleanup title references (HO)
)
\c@section@level=\count128
)
LaTeX Info: Redefining \ref on input line 37.
LaTeX Info: Redefining \pageref on input line 37.
LaTeX Info: Redefining \nameref on input line 37.

(./main.out) (./main.out)
\@outlinefile=\write3
\openout3 = `main.out'.

LaTeX Font Info:    Try loading font information for U+msa on input line 41.

(/usr/local/texlive/2018/texmf-dist/tex/latex/amsfonts/umsa.fd
File: umsa.fd 2013/01/14 v3.01 AMS symbols A
)
LaTeX Font Info:    Try loading font information for U+msb on input line 41.

(/usr/local/texlive/2018/texmf-dist/tex/latex/amsfonts/umsb.fd
File: umsb.fd 2013/01/14 v3.01 AMS symbols B
)
LaTeX Font Info:    Try loading font information for U+stmry on input line 41.

(/usr/local/texlive/2018/texmf-dist/tex/latex/stmaryrd/Ustmry.fd) [1


{/usr/local/texlive/2018/texmf-var/fonts/map/pdftex/updmap/pdftex.map}]

Package Fancyhdr Warning: \headheight is too small (12.0pt): 
 Make it at least 14.49998pt.
 We now make it that large for the rest of the document.
 This may cause the page layout to be inconsistent, however.

[2

] (./main.toc [3] [4])
\tf@toc=\write4
\openout4 = `main.toc'.

 [5]
Underfull \hbox (badness 10000) in paragraph at lines 55--63

 []


Underfull \hbox (badness 10000) in paragraph at lines 55--63

 []


Package hyperref Warning: Token not allowed in a PDF string (PDFDocEncoding):
(hyperref)                removing `math shift' on input line 65.


Package hyperref Warning: Token not allowed in a PDF string (PDFDocEncoding):
(hyperref)                removing `\not' on input line 65.


Package hyperref Warning: Token not allowed in a PDF string (PDFDocEncoding):
(hyperref)                removing `math shift' on input line 65.

[6]
<Figure/Figure2_1.png, id=528, 226.8475pt x 261.97874pt>
File: Figure/Figure2_1.png Graphic file (type png)
<use Figure/Figure2_1.png>
Package pdftex.def Info: Figure/Figure2_1.png  used on input line 80.
(pdftex.def)             Requested size: 136.10954pt x 157.18845pt.
<Figure/Figure2_2.png, id=530, 502.87875pt x 191.71625pt>
File: Figure/Figure2_2.png Graphic file (type png)
<use Figure/Figure2_2.png>
Package pdftex.def Info: Figure/Figure2_2.png  used on input line 86.
(pdftex.def)             Requested size: 352.01273pt x 134.20045pt.
 [7 <./Figure/Figure2_1.png> <./Figure/Figure2_2.png>] [8] [9]
<Figure/Figure3_1.png, id=565, 532.99126pt x 147.55125pt>
File: Figure/Figure3_1.png Graphic file (type png)
<use Figure/Figure3_1.png>
Package pdftex.def Info: Figure/Figure3_1.png  used on input line 147.
(pdftex.def)             Requested size: 426.39359pt x 118.04114pt.
<Figure/Figure3_2.png, id=566, 563.10374pt x 248.93pt>
File: Figure/Figure3_2.png Graphic file (type png)
<use Figure/Figure3_2.png>
Package pdftex.def Info: Figure/Figure3_2.png  used on input line 153.
(pdftex.def)             Requested size: 450.48361pt x 199.14426pt.
 [10 <./Figure/Figure3_1.png> <./Figure/Figure3_2.png>]
<Figure/Figure3_3.png, id=575, 442.65375pt x 410.53375pt>
File: Figure/Figure3_3.png Graphic file (type png)
<use Figure/Figure3_3.png>
Package pdftex.def Info: Figure/Figure3_3.png  used on input line 160.
(pdftex.def)             Requested size: 243.4603pt x 225.79425pt.
<Figure/Figure3_4.png, id=576, 643.40375pt x 402.50375pt>
File: Figure/Figure3_4.png Graphic file (type png)
<use Figure/Figure3_4.png>
Package pdftex.def Info: Figure/Figure3_4.png  used on input line 168.
(pdftex.def)             Requested size: 353.87315pt x 221.37775pt.
 [11 <./Figure/Figure3_3.png> <./Figure/Figure3_4.png>]
<Figure/Figure4_1.png, id=585, 342.27875pt x 282.05376pt>
File: Figure/Figure4_1.png Graphic file (type png)
<use Figure/Figure4_1.png>
Package pdftex.def Info: Figure/Figure4_1.png  used on input line 179.
(pdftex.def)             Requested size: 273.82335pt x 225.6433pt.
<Figure/Figure4_2.png, id=586, 161.60374pt x 261.97874pt>
File: Figure/Figure4_2.png Graphic file (type png)
<use Figure/Figure4_2.png>
Package pdftex.def Info: Figure/Figure4_2.png  used on input line 187.
(pdftex.def)             Requested size: 129.28316pt x 209.58327pt.
 [12 <./Figure/Figure4_1.png> <./Figure/Figure4_2.png>]
Underfull \hbox (badness 10000) in paragraph at lines 200--204

 []

<Figure/Figure4_3.png, id=595, 141.52875pt x 261.97874pt>
File: Figure/Figure4_3.png Graphic file (type png)
<use Figure/Figure4_3.png>
Package pdftex.def Info: Figure/Figure4_3.png  used on input line 210.
(pdftex.def)             Requested size: 141.5284pt x 261.9781pt.
[13 <./Figure/Figure4_3.png>]
<Figure/Figure4_4.png, id=606, 161.60374pt x 201.75375pt>
File: Figure/Figure4_4.png Graphic file (type png)
<use Figure/Figure4_4.png>
Package pdftex.def Info: Figure/Figure4_4.png  used on input line 218.
(pdftex.def)             Requested size: 129.28316pt x 161.40321pt.
<Figure/Figure4_5.png, id=607, 553.06625pt x 149.55875pt>
File: Figure/Figure4_5.png Graphic file (type png)
<use Figure/Figure4_5.png>
Package pdftex.def Info: Figure/Figure4_5.png  used on input line 225.
(pdftex.def)             Requested size: 442.4536pt x 119.64716pt.
 [14 <./Figure/Figure4_4.png> <./Figure/Figure4_5.png>]
<Figure/Figure5_1.png, id=616, 342.27875pt x 282.05376pt>
File: Figure/Figure5_1.png Graphic file (type png)
<use Figure/Figure5_1.png>
Package pdftex.def Info: Figure/Figure5_1.png  used on input line 246.
(pdftex.def)             Requested size: 273.82335pt x 225.6433pt.
<Figure/Figure5_2.png, id=617, 184.69pt x 201.75375pt>
File: Figure/Figure5_2.png Graphic file (type png)
<use Figure/Figure5_2.png>
Package pdftex.def Info: Figure/Figure5_2.png  used on input line 252.
(pdftex.def)             Requested size: 184.68953pt x 201.75325pt.
 [15 <./Figure/Figure5_1.png> <./Figure/Figure5_2.png>]
<Figure/Figure5_3.png, id=627, 184.69pt x 201.75375pt>
File: Figure/Figure5_3.png Graphic file (type png)
<use Figure/Figure5_3.png>
Package pdftex.def Info: Figure/Figure5_3.png  used on input line 259.
(pdftex.def)             Requested size: 184.68953pt x 201.75325pt.
<Figure/Figure5_4.png, id=628, 187.70125pt x 201.75375pt>
File: Figure/Figure5_4.png Graphic file (type png)
<use Figure/Figure5_4.png>
Package pdftex.def Info: Figure/Figure5_4.png  used on input line 265.
(pdftex.def)             Requested size: 187.70079pt x 201.75325pt.
 [16 <./Figure/Figure5_3.png> <./Figure/Figure5_4.png>]
<Figure/Figure5_5.png, id=637, 549.05125pt x 119.44624pt>
File: Figure/Figure5_5.png Graphic file (type png)
<use Figure/Figure5_5.png>
Package pdftex.def Info: Figure/Figure5_5.png  used on input line 272.
(pdftex.def)             Requested size: 549.04991pt x 119.44594pt.

Overfull \hbox (36.90028pt too wide) in paragraph at lines 272--273
 [][] 
 []

[17 <./Figure/Figure5_5.png>]
<Figure/Figure6_1.png, id=644, 753.81625pt x 201.75375pt>
File: Figure/Figure6_1.png Graphic file (type png)
<use Figure/Figure6_1.png>
Package pdftex.def Info: Figure/Figure6_1.png  used on input line 301.
(pdftex.def)             Requested size: 489.97476pt x 131.13837pt.
 [18 <./Figure/Figure6_1.png>]
<Figure/Figure6_2.png, id=656, 754.82pt x 202.7575pt>
File: Figure/Figure6_2.png Graphic file (type png)
<use Figure/Figure6_2.png>
Package pdftex.def Info: Figure/Figure6_2.png  used on input line 312.
(pdftex.def)             Requested size: 490.6272pt x 131.7908pt.
<Figure/Figure6_3.png, id=657, 994.71625pt x 365.365pt>
File: Figure/Figure6_3.png Graphic file (type png)
<use Figure/Figure6_3.png>
Package pdftex.def Info: Figure/Figure6_3.png  used on input line 319.
(pdftex.def)             Requested size: 497.3569pt x 182.68205pt.
 [19 <./Figure/Figure6_2.png> <./Figure/Figure6_3.png>]
<Figure/Figure7_1.png, id=668, 222.8325pt x 202.7575pt>
File: Figure/Figure7_1.png Graphic file (type png)
<use Figure/Figure7_1.png>
Package pdftex.def Info: Figure/Figure7_1.png  used on input line 335.
(pdftex.def)             Requested size: 133.70053pt x 121.65543pt.
<Figure/Figure7_2.png, id=669, 82.3075pt x 62.2325pt>
File: Figure/Figure7_2.png Graphic file (type png)
<use Figure/Figure7_2.png>
Package pdftex.def Info: Figure/Figure7_2.png  used on input line 344.
(pdftex.def)             Requested size: 82.30728pt x 62.23235pt.
<Figure/Figure7_3.png, id=670, 42.1575pt x 62.2325pt>
File: Figure/Figure7_3.png Graphic file (type png)
<use Figure/Figure7_3.png>
Package pdftex.def Info: Figure/Figure7_3.png  used on input line 349.
(pdftex.def)             Requested size: 42.15738pt x 62.23235pt.
<Figure/Figure7_4.png, id=671, 141.52875pt x 382.42876pt>
File: Figure/Figure7_4.png Graphic file (type png)
<use Figure/Figure7_4.png>
Package pdftex.def Info: Figure/Figure7_4.png  used on input line 362.
(pdftex.def)             Requested size: 67.39098pt x 182.09746pt.
<Figure/Figure7_5.png, id=672, 141.52875pt x 382.42876pt>
File: Figure/Figure7_5.png Graphic file (type png)
<use Figure/Figure7_5.png>
Package pdftex.def Info: Figure/Figure7_5.png  used on input line 367.
(pdftex.def)             Requested size: 67.39098pt x 182.09746pt.
<Figure/Figure7_6.png, id=673, 181.67876pt x 392.46625pt>
File: Figure/Figure7_6.png Graphic file (type png)
<use Figure/Figure7_6.png>
Package pdftex.def Info: Figure/Figure7_6.png  used on input line 372.
(pdftex.def)             Requested size: 84.29677pt x 182.09746pt.
 [20 <./Figure/Figure7_1.png> <./Figure/Figure7_2.png> <./Figure/Figure7_3.png>
 <./Figure/Figure7_4.png> <./Figure/Figure7_5.png> <./Figure/Figure7_6.png>]
<Figure/Figure7_7.png, id=692, 201.75375pt x 81.30376pt>
File: Figure/Figure7_7.png Graphic file (type png)
<use Figure/Figure7_7.png>
Package pdftex.def Info: Figure/Figure7_7.png  used on input line 384.
(pdftex.def)             Requested size: 201.75325pt x 81.30354pt.
<Figure/Figure7_8.png, id=693, 161.60374pt x 81.30376pt>
File: Figure/Figure7_8.png Graphic file (type png)
<use Figure/Figure7_8.png>
Package pdftex.def Info: Figure/Figure7_8.png  used on input line 389.
(pdftex.def)             Requested size: 161.60335pt x 81.30354pt.
<Figure/Figure7_9.png, id=694, 82.3075pt x 22.0825pt>
File: Figure/Figure7_9.png Graphic file (type png)
<use Figure/Figure7_9.png>
Package pdftex.def Info: Figure/Figure7_9.png  used on input line 399.
(pdftex.def)             Requested size: 82.30728pt x 22.08243pt.
<Figure/Figure7_10.png, id=695, 82.3075pt x 22.0825pt>
File: Figure/Figure7_10.png Graphic file (type png)
<use Figure/Figure7_10.png>
Package pdftex.def Info: Figure/Figure7_10.png  used on input line 404.
(pdftex.def)             Requested size: 82.30728pt x 22.08243pt.
<Figure/Figure7_11.png, id=696, 89.33376pt x 16.06pt>
File: Figure/Figure7_11.png Graphic file (type png)
<use Figure/Figure7_11.png>
Package pdftex.def Info: Figure/Figure7_11.png  used on input line 409.
(pdftex.def)             Requested size: 89.33353pt x 16.05995pt.
<Figure/Figure7_12.png, id=697, 89.33376pt x 16.06pt>
File: Figure/Figure7_12.png Graphic file (type png)
<use Figure/Figure7_12.png>
Package pdftex.def Info: Figure/Figure7_12.png  used on input line 414.
(pdftex.def)             Requested size: 89.33353pt x 16.05995pt.
<Figure/Figure7_13.png, id=698, 932.48375pt x 590.205pt>
File: Figure/Figure7_13.png Graphic file (type png)
<use Figure/Figure7_13.png>
Package pdftex.def Info: Figure/Figure7_13.png  used on input line 424.
(pdftex.def)             Requested size: 456.92104pt x 289.20297pt.

Underfull \hbox (badness 10000) in paragraph at lines 428--434

 []

[21 <./Figure/Figure7_7.png> <./Figure/Figure7_8.png> <./Figure/Figure7_9.png> 
<./Figure/Figure7_10.png> <./Figure/Figure7_11.png> <./Figure/Figure7_12.png> <
./Figure/Figure7_13.png>] [22] [23]
<Figure/Figure9_1.png, id=740, 686.565pt x 211.79124pt>
File: Figure/Figure9_1.png Graphic file (type png)
<use Figure/Figure9_1.png>
Package pdftex.def Info: Figure/Figure9_1.png  used on input line 477.
(pdftex.def)             Requested size: 411.94218pt x 127.07571pt.
<Figure/Figure9_2.png, id=741, 582.175pt x 148.555pt>
File: Figure/Figure9_2.png Graphic file (type png)
<use Figure/Figure9_2.png>
Package pdftex.def Info: Figure/Figure9_2.png  used on input line 492.
(pdftex.def)             Requested size: 349.3077pt x 89.13368pt.
 [24 <./Figure/Figure9_1.png> <./Figure/Figure9_2.png>] [25]
<Figure/Figure10_1.png, id=761, 652.4375pt x 302.12875pt>
File: Figure/Figure10_1.png Graphic file (type png)
<use Figure/Figure10_1.png>
Package pdftex.def Info: Figure/Figure10_1.png  used on input line 506.
(pdftex.def)             Requested size: 456.70313pt x 211.48868pt.
<Figure/Figure10_2.png, id=762, 603.25375pt x 161.60374pt>
File: Figure/Figure10_2.png Graphic file (type png)
<use Figure/Figure10_2.png>
Package pdftex.def Info: Figure/Figure10_2.png  used on input line 512.
(pdftex.def)             Requested size: 422.27475pt x 113.12184pt.
 [26 <./Figure/Figure10_1.png> <./Figure/Figure10_2.png>]
<Figure/Figure11_1.png, id=773, 723.70375pt x 141.52875pt>
File: Figure/Figure11_1.png Graphic file (type png)
<use Figure/Figure11_1.png>
Package pdftex.def Info: Figure/Figure11_1.png  used on input line 552.
(pdftex.def)             Requested size: 506.58917pt x 99.06944pt.

[27 <./Figure/Figure11_1.png>]
<Figure/Figure11_2.png, id=785, 532.99126pt x 141.52875pt>
File: Figure/Figure11_2.png Graphic file (type png)
<use Figure/Figure11_2.png>
Package pdftex.def Info: Figure/Figure11_2.png  used on input line 578.
(pdftex.def)             Requested size: 373.09134pt x 99.06944pt.
<Figure/Figure11_3.png, id=786, 241.90375pt x 241.90375pt>
File: Figure/Figure11_3.png Graphic file (type png)
<use Figure/Figure11_3.png>
Package pdftex.def Info: Figure/Figure11_3.png  used on input line 584.
(pdftex.def)             Requested size: 169.33147pt x 169.33147pt.
<Figure/Figure11_4.png, id=787, 332.24126pt x 210.7875pt>
File: Figure/Figure11_4.png Graphic file (type png)
<use Figure/Figure11_4.png>
Package pdftex.def Info: Figure/Figure11_4.png  used on input line 593.
(pdftex.def)             Requested size: 232.56728pt x 147.55025pt.
<Figure/Figure11_5.png, id=788, 229.85875pt x 229.85875pt>
File: Figure/Figure11_5.png Graphic file (type png)
<use Figure/Figure11_5.png>
Package pdftex.def Info: Figure/Figure11_5.png  used on input line 602.
(pdftex.def)             Requested size: 229.85817pt x 229.85817pt.
File: Figure/Figure11_5.png Graphic file (type png)
<use Figure/Figure11_5.png>
Package pdftex.def Info: Figure/Figure11_5.png  used on input line 607.
(pdftex.def)             Requested size: 229.85817pt x 229.85817pt.
 [28 <./Figure/Figure11_2.png> <./Figure/Figure11_3.png>] [29 <./Figure/Figure1
1_4.png> <./Figure/Figure11_5.png>]
<Figure/Figure12_1.png, id=806, 553.06625pt x 151.56625pt>
File: Figure/Figure12_1.png Graphic file (type png)
<use Figure/Figure12_1.png>
Package pdftex.def Info: Figure/Figure12_1.png  used on input line 618.
(pdftex.def)             Requested size: 387.14374pt x 106.09564pt.
<Figure/Figure12_2.png, id=807, 586.19pt x 121.45375pt>
File: Figure/Figure12_2.png Graphic file (type png)
<use Figure/Figure12_2.png>
Package pdftex.def Info: Figure/Figure12_2.png  used on input line 636.
(pdftex.def)             Requested size: 410.3302pt x 85.01703pt.
 [30 <./Figure/Figure12_1.png> <./Figure/Figure12_2.png>]
<Figure/Figure12_3.png, id=822, 482.80376pt x 191.71625pt>
File: Figure/Figure12_3.png Graphic file (type png)
<use Figure/Figure12_3.png>
Package pdftex.def Info: Figure/Figure12_3.png  used on input line 647.
(pdftex.def)             Requested size: 337.96033pt x 134.20045pt.
<Figure/Figure12_4.png, id=823, 522.95375pt x 101.37875pt>
File: Figure/Figure12_4.png Graphic file (type png)
<use Figure/Figure12_4.png>
Package pdftex.def Info: Figure/Figure12_4.png  used on input line 653.
(pdftex.def)             Requested size: 366.06512pt x 70.96463pt.
<Figure/Figure12_5.png, id=824, 554.07pt x 217.81375pt>
File: Figure/Figure12_5.png Graphic file (type png)
<use Figure/Figure12_5.png>
Package pdftex.def Info: Figure/Figure12_5.png  used on input line 659.
(pdftex.def)             Requested size: 387.84636pt x 152.46857pt.
 [31 <./Figure/Figure12_3.png> <./Figure/Figure12_4.png> <./Figure/Figure12_5.p
ng>]
<Figure/Figure12_6.png, id=838, 508.90125pt x 71.26625pt>
File: Figure/Figure12_6.png Graphic file (type png)
<use Figure/Figure12_6.png>
Package pdftex.def Info: Figure/Figure12_6.png  used on input line 675.
(pdftex.def)             Requested size: 356.22844pt x 49.88602pt.
 [32 <./Figure/Figure12_6.png>]
<Figure/Figure13_1.png, id=845, 322.20375pt x 432.61626pt>
File: Figure/Figure13_1.png Graphic file (type png)
<use Figure/Figure13_1.png>
Package pdftex.def Info: Figure/Figure13_1.png  used on input line 695.
(pdftex.def)             Requested size: 225.54108pt x 302.82932pt.


Package hyperref Warning: Token not allowed in a PDF string (PDFDocEncoding):
(hyperref)                removing `math shift' on input line 698.


Package hyperref Warning: Token not allowed in a PDF string (PDFDocEncoding):
(hyperref)                removing `\mathrel' on input line 698.


Package hyperref Warning: Token not allowed in a PDF string (PDFDocEncoding):
(hyperref)                removing `\mathchoice' on input line 698.


Package hyperref Warning: Token not allowed in a PDF string (PDFDocEncoding):
(hyperref)                removing `\setbox' on input line 698.


Package hyperref Warning: Token not allowed in a PDF string (PDFDocEncoding):
(hyperref)                removing `\z@' on input line 698.


Package hyperref Warning: Token not allowed in a PDF string (PDFDocEncoding):
(hyperref)                removing `\hbox' on input line 698.


Package hyperref Warning: Token not allowed in a PDF string (PDFDocEncoding):
(hyperref)                removing `math shift' on input line 698.


Package hyperref Warning: Token not allowed in a PDF string (PDFDocEncoding):
(hyperref)                removing `\mathsurround' on input line 698.


Package hyperref Warning: Token not allowed in a PDF string (PDFDocEncoding):
(hyperref)                removing `\z@' on input line 698.


Package hyperref Warning: Token not allowed in a PDF string (PDFDocEncoding):
(hyperref)                removing `\displaystyle' on input line 698.


Package hyperref Warning: Token not allowed in a PDF string (PDFDocEncoding):
(hyperref)                removing `\std@minus' on input line 698.


Package hyperref Warning: Token not allowed in a PDF string (PDFDocEncoding):
(hyperref)                removing `math shift' on input line 698.


Package hyperref Warning: Token not allowed in a PDF string (PDFDocEncoding):
(hyperref)                removing `\ht' on input line 698.


Package hyperref Warning: Token not allowed in a PDF string (PDFDocEncoding):
(hyperref)                removing `\z@' on input line 698.


Package hyperref Warning: Token not allowed in a PDF string (PDFDocEncoding):
(hyperref)                removing `\z@' on input line 698.


Package hyperref Warning: Token not allowed in a PDF string (PDFDocEncoding):
(hyperref)                removing `\dp' on input line 698.


Package hyperref Warning: Token not allowed in a PDF string (PDFDocEncoding):
(hyperref)                removing `\z@' on input line 698.


Package hyperref Warning: Token not allowed in a PDF string (PDFDocEncoding):
(hyperref)                removing `\z@' on input line 698.


Package hyperref Warning: Token not allowed in a PDF string (PDFDocEncoding):
(hyperref)                removing `\box' on input line 698.


Package hyperref Warning: Token not allowed in a PDF string (PDFDocEncoding):
(hyperref)                removing `\z@' on input line 698.


Package hyperref Warning: Token not allowed in a PDF string (PDFDocEncoding):
(hyperref)                removing `\setbox' on input line 698.


Package hyperref Warning: Token not allowed in a PDF string (PDFDocEncoding):
(hyperref)                removing `\z@' on input line 698.


Package hyperref Warning: Token not allowed in a PDF string (PDFDocEncoding):
(hyperref)                removing `\hbox' on input line 698.


Package hyperref Warning: Token not allowed in a PDF string (PDFDocEncoding):
(hyperref)                removing `math shift' on input line 698.


Package hyperref Warning: Token not allowed in a PDF string (PDFDocEncoding):
(hyperref)                removing `\mathsurround' on input line 698.


Package hyperref Warning: Token not allowed in a PDF string (PDFDocEncoding):
(hyperref)                removing `\z@' on input line 698.


Package hyperref Warning: Token not allowed in a PDF string (PDFDocEncoding):
(hyperref)                removing `\textstyle' on input line 698.


Package hyperref Warning: Token not allowed in a PDF string (PDFDocEncoding):
(hyperref)                removing `\std@minus' on input line 698.


Package hyperref Warning: Token not allowed in a PDF string (PDFDocEncoding):
(hyperref)                removing `math shift' on input line 698.


Package hyperref Warning: Token not allowed in a PDF string (PDFDocEncoding):
(hyperref)                removing `\ht' on input line 698.


Package hyperref Warning: Token not allowed in a PDF string (PDFDocEncoding):
(hyperref)                removing `\z@' on input line 698.


Package hyperref Warning: Token not allowed in a PDF string (PDFDocEncoding):
(hyperref)                removing `\z@' on input line 698.


Package hyperref Warning: Token not allowed in a PDF string (PDFDocEncoding):
(hyperref)                removing `\dp' on input line 698.


Package hyperref Warning: Token not allowed in a PDF string (PDFDocEncoding):
(hyperref)                removing `\z@' on input line 698.


Package hyperref Warning: Token not allowed in a PDF string (PDFDocEncoding):
(hyperref)                removing `\z@' on input line 698.


Package hyperref Warning: Token not allowed in a PDF string (PDFDocEncoding):
(hyperref)                removing `\box' on input line 698.


Package hyperref Warning: Token not allowed in a PDF string (PDFDocEncoding):
(hyperref)                removing `\z@' on input line 698.


Package hyperref Warning: Token not allowed in a PDF string (PDFDocEncoding):
(hyperref)                removing `\setbox' on input line 698.


Package hyperref Warning: Token not allowed in a PDF string (PDFDocEncoding):
(hyperref)                removing `\z@' on input line 698.


Package hyperref Warning: Token not allowed in a PDF string (PDFDocEncoding):
(hyperref)                removing `\hbox' on input line 698.


Package hyperref Warning: Token not allowed in a PDF string (PDFDocEncoding):
(hyperref)                removing `math shift' on input line 698.


Package hyperref Warning: Token not allowed in a PDF string (PDFDocEncoding):
(hyperref)                removing `\mathsurround' on input line 698.


Package hyperref Warning: Token not allowed in a PDF string (PDFDocEncoding):
(hyperref)                removing `\z@' on input line 698.


Package hyperref Warning: Token not allowed in a PDF string (PDFDocEncoding):
(hyperref)                removing `\scriptstyle' on input line 698.


Package hyperref Warning: Token not allowed in a PDF string (PDFDocEncoding):
(hyperref)                removing `\std@minus' on input line 698.


Package hyperref Warning: Token not allowed in a PDF string (PDFDocEncoding):
(hyperref)                removing `math shift' on input line 698.


Package hyperref Warning: Token not allowed in a PDF string (PDFDocEncoding):
(hyperref)                removing `\ht' on input line 698.


Package hyperref Warning: Token not allowed in a PDF string (PDFDocEncoding):
(hyperref)                removing `\z@' on input line 698.


Package hyperref Warning: Token not allowed in a PDF string (PDFDocEncoding):
(hyperref)                removing `\z@' on input line 698.


Package hyperref Warning: Token not allowed in a PDF string (PDFDocEncoding):
(hyperref)                removing `\dp' on input line 698.


Package hyperref Warning: Token not allowed in a PDF string (PDFDocEncoding):
(hyperref)                removing `\z@' on input line 698.


Package hyperref Warning: Token not allowed in a PDF string (PDFDocEncoding):
(hyperref)                removing `\z@' on input line 698.


Package hyperref Warning: Token not allowed in a PDF string (PDFDocEncoding):
(hyperref)                removing `\box' on input line 698.


Package hyperref Warning: Token not allowed in a PDF string (PDFDocEncoding):
(hyperref)                removing `\z@' on input line 698.


Package hyperref Warning: Token not allowed in a PDF string (PDFDocEncoding):
(hyperref)                removing `\setbox' on input line 698.


Package hyperref Warning: Token not allowed in a PDF string (PDFDocEncoding):
(hyperref)                removing `\z@' on input line 698.


Package hyperref Warning: Token not allowed in a PDF string (PDFDocEncoding):
(hyperref)                removing `\hbox' on input line 698.


Package hyperref Warning: Token not allowed in a PDF string (PDFDocEncoding):
(hyperref)                removing `math shift' on input line 698.


Package hyperref Warning: Token not allowed in a PDF string (PDFDocEncoding):
(hyperref)                removing `\mathsurround' on input line 698.


Package hyperref Warning: Token not allowed in a PDF string (PDFDocEncoding):
(hyperref)                removing `\z@' on input line 698.


Package hyperref Warning: Token not allowed in a PDF string (PDFDocEncoding):
(hyperref)                removing `\scriptscriptstyle' on input line 698.


Package hyperref Warning: Token not allowed in a PDF string (PDFDocEncoding):
(hyperref)                removing `\std@minus' on input line 698.


Package hyperref Warning: Token not allowed in a PDF string (PDFDocEncoding):
(hyperref)                removing `math shift' on input line 698.


Package hyperref Warning: Token not allowed in a PDF string (PDFDocEncoding):
(hyperref)                removing `\ht' on input line 698.


Package hyperref Warning: Token not allowed in a PDF string (PDFDocEncoding):
(hyperref)                removing `\z@' on input line 698.


Package hyperref Warning: Token not allowed in a PDF string (PDFDocEncoding):
(hyperref)                removing `\z@' on input line 698.


Package hyperref Warning: Token not allowed in a PDF string (PDFDocEncoding):
(hyperref)                removing `\dp' on input line 698.


Package hyperref Warning: Token not allowed in a PDF string (PDFDocEncoding):
(hyperref)                removing `\z@' on input line 698.


Package hyperref Warning: Token not allowed in a PDF string (PDFDocEncoding):
(hyperref)                removing `\z@' on input line 698.


Package hyperref Warning: Token not allowed in a PDF string (PDFDocEncoding):
(hyperref)                removing `\box' on input line 698.


Package hyperref Warning: Token not allowed in a PDF string (PDFDocEncoding):
(hyperref)                removing `\z@' on input line 698.


Package hyperref Warning: Token not allowed in a PDF string (PDFDocEncoding):
(hyperref)                removing `\mathrel' on input line 698.


Package hyperref Warning: Token not allowed in a PDF string (PDFDocEncoding):
(hyperref)                removing `\mkern' on input line 698.


Package hyperref Warning: Token not allowed in a PDF string (PDFDocEncoding):
(hyperref)                removing `\rightarrow' on input line 698.


Package hyperref Warning: Token not allowed in a PDF string (PDFDocEncoding):
(hyperref)                removing `math shift' on input line 698.

<Figure/Figure13_2.png, id=846, 623.32875pt x 191.71625pt>
File: Figure/Figure13_2.png Graphic file (type png)
<use Figure/Figure13_2.png>
Package pdftex.def Info: Figure/Figure13_2.png  used on input line 701.
(pdftex.def)             Requested size: 436.32715pt x 134.20045pt.
[33 <./Figure/Figure13_1.png> <./Figure/Figure13_2.png>]
<Figure/Figure13_3.png, id=855, 275.0275pt x 251.94125pt>
File: Figure/Figure13_3.png Graphic file (type png)
<use Figure/Figure13_3.png>
Package pdftex.def Info: Figure/Figure13_3.png  used on input line 726.
(pdftex.def)             Requested size: 192.51793pt x 176.35767pt.
 [34 <./Figure/Figure13_3.png>]
<Figure/Figure14_1.png, id=862, 723.70375pt x 84.315pt>
File: Figure/Figure14_1.png Graphic file (type png)
<use Figure/Figure14_1.png>
Package pdftex.def Info: Figure/Figure14_1.png  used on input line 734.
(pdftex.def)             Requested size: 470.40186pt x 54.80408pt.
<Figure/Figure14_2.png, id=863, 683.55376pt x 135.50626pt>
File: Figure/Figure14_2.png Graphic file (type png)
<use Figure/Figure14_2.png>
Package pdftex.def Info: Figure/Figure14_2.png  used on input line 741.
(pdftex.def)             Requested size: 444.30469pt x 88.078pt.
<Figure/Figure14_3.png, id=864, 646.415pt x 317.185pt>
File: Figure/Figure14_3.png Graphic file (type png)
<use Figure/Figure14_3.png>
Package pdftex.def Info: Figure/Figure14_3.png  used on input line 747.
(pdftex.def)             Requested size: 420.16476pt x 206.16779pt.
 [35 <./Figure/Figure14_1.png> <./Figure/Figure14_2.png> <./Figure/Figure14_3.p
ng>]
<Figure/Figure14_4.png, id=875, 221.82875pt x 201.75375pt>
File: Figure/Figure14_4.png Graphic file (type png)
<use Figure/Figure14_4.png>
Package pdftex.def Info: Figure/Figure14_4.png  used on input line 753.
(pdftex.def)             Requested size: 133.09825pt x 121.05318pt.
<Figure/Figure14_5.png, id=876, 691.58376pt x 341.275pt>
File: Figure/Figure14_5.png Graphic file (type png)
<use Figure/Figure14_5.png>
Package pdftex.def Info: Figure/Figure14_5.png  used on input line 759.
(pdftex.def)             Requested size: 449.52411pt x 221.82611pt.
 [36 <./Figure/Figure14_4.png> <./Figure/Figure14_5.png>] [37]
<Figure/Figure15_1.png, id=904, 773.89125pt x 1024.82875pt>
File: Figure/Figure15_1.png Graphic file (type png)
<use Figure/Figure15_1.png>
Package pdftex.def Info: Figure/Figure15_1.png  used on input line 788.
(pdftex.def)             Requested size: 386.94467pt x 512.41312pt.

[38 <./Figure/Figure15_1.png>]
<Figure/Figure15_2.png, id=911, 647.41875pt x 643.40375pt>
File: Figure/Figure15_2.png Graphic file (type png)
<use Figure/Figure15_2.png>
Package pdftex.def Info: Figure/Figure15_2.png  used on input line 794.
(pdftex.def)             Requested size: 375.50313pt x 373.17444pt.
<Figure/Figure15_3.png, id=912, 221.82875pt x 181.67876pt>
File: Figure/Figure15_3.png Graphic file (type png)
<use Figure/Figure15_3.png>
Package pdftex.def Info: Figure/Figure15_3.png  used on input line 800.
(pdftex.def)             Requested size: 110.9141pt x 90.83914pt.
 [39 <./Figure/Figure15_2.png> <./Figure/Figure15_3.png>]
<Figure/Figure16_1.png, id=921, 116.435pt x 116.435pt>
File: Figure/Figure16_1.png Graphic file (type png)
<use Figure/Figure16_1.png>
Package pdftex.def Info: Figure/Figure16_1.png  used on input line 810.
(pdftex.def)             Requested size: 113.81592pt x 113.81102pt.
<Figure/Figure16_2.png, id=922, 116.435pt x 116.435pt>
File: Figure/Figure16_2.png Graphic file (type png)
<use Figure/Figure16_2.png>
Package pdftex.def Info: Figure/Figure16_2.png  used on input line 815.
(pdftex.def)             Requested size: 113.81592pt x 113.81102pt.
<Figure/Figure16_3.png, id=923, 116.435pt x 116.435pt>
File: Figure/Figure16_3.png Graphic file (type png)
<use Figure/Figure16_3.png>
Package pdftex.def Info: Figure/Figure16_3.png  used on input line 820.
(pdftex.def)             Requested size: 113.81592pt x 113.81102pt.
<Figure/Figure16_4.png, id=924, 119.44624pt x 116.435pt>
File: Figure/Figure16_4.png Graphic file (type png)
<use Figure/Figure16_4.png>
Package pdftex.def Info: Figure/Figure16_4.png  used on input line 827.
(pdftex.def)             Requested size: 101.52977pt x 98.9702pt.
 [40 <./Figure/Figure16_1.png> <./Figure/Figure16_2.png> <./Figure/Figure16_3.p
ng> <./Figure/Figure16_4.png>]
<Figure/Figure16_5.png, id=937, 119.44624pt x 117.43875pt>
File: Figure/Figure16_5.png Graphic file (type png)
<use Figure/Figure16_5.png>
Package pdftex.def Info: Figure/Figure16_5.png  used on input line 851.
(pdftex.def)             Requested size: 101.52977pt x 99.8234pt.

Underfull \hbox (badness 10000) in paragraph at lines 879--882

 []

[41 <./Figure/Figure16_5.png>]
<Figure/Figure16_6.png, id=945, 357.335pt x 116.435pt>
File: Figure/Figure16_6.png Graphic file (type png)
<use Figure/Figure16_6.png>
Package pdftex.def Info: Figure/Figure16_6.png  used on input line 888.
(pdftex.def)             Requested size: 303.73618pt x 98.9702pt.
 [42 <./Figure/Figure16_6.png>] [43]
Overfull \hbox (1.55902pt too wide) in paragraph at lines 911--911
|[]\OT1/cmr/bx/n/20.74 Architectures: GPS, SOAR, Sub-sump-tion, So-
 []

[44] [45] [46]
Overfull \hbox (11.23294pt too wide) in paragraph at lines 920--920
|[]\OT1/cmr/bx/n/20.74 Model Merg-ing, Cross-Modal Cou-pling, Course
 []

Package atveryend Info: Empty hook `BeforeClearDocument' on input line 921.
[47]
Package atveryend Info: Empty hook `AfterLastShipout' on input line 921.
 (./main.aux)
Package atveryend Info: Executing hook `AtVeryEndDocument' on input line 921.
Package atveryend Info: Executing hook `AtEndAfterFileList' on input line 921.


Package rerunfilecheck Warning: File `main.out' has changed.
(rerunfilecheck)                Rerun to get outlines right
(rerunfilecheck)                or use package `bookmark'.

Package rerunfilecheck Info: Checksums for `main.out':
(rerunfilecheck)             Before: 306AB4EF330C31526A9CAE800EC60449;7414
(rerunfilecheck)             After:  F1AFF8F150B03261CC0B1EC0B58FF69A;7485.
Package atveryend Info: Empty hook `AtVeryVeryEnd' on input line 921.
 ) 
Here is how much of TeX's memory you used:
 8680 strings out of 492649
 124813 string characters out of 6129621
 225995 words of memory out of 5000000
 12114 multiletter control sequences out of 15000+600000
 16697 words of font info for 65 fonts, out of 8000000 for 9000
 1141 hyphenation exceptions out of 8191
 41i,16n,43p,383b,412s stack positions out of 5000i,500n,10000p,200000b,80000s
</usr/local/texlive/2018/texmf-dist/fonts/type1/public/amsfonts/cm/cmbx12.pfb
></usr/local/texlive/2018/texmf-dist/fonts/type1/public/amsfonts/cm/cmbxti10.pf
b></usr/local/texlive/2018/texmf-dist/fonts/type1/public/amsfonts/cm/cmex10.pfb
></usr/local/texlive/2018/texmf-dist/fonts/type1/public/amsfonts/cm/cmmi12.pfb>
</usr/local/texlive/2018/texmf-dist/fonts/type1/public/amsfonts/cm/cmmi6.pfb></
usr/local/texlive/2018/texmf-dist/fonts/type1/public/amsfonts/cm/cmmi8.pfb></us
r/local/texlive/2018/texmf-dist/fonts/type1/public/amsfonts/cm/cmr12.pfb></usr/
local/texlive/2018/texmf-dist/fonts/type1/public/amsfonts/cm/cmr17.pfb></usr/lo
cal/texlive/2018/texmf-dist/fonts/type1/public/amsfonts/cm/cmr6.pfb></usr/local
/texlive/2018/texmf-dist/fonts/type1/public/amsfonts/cm/cmr8.pfb></usr/local/te
xlive/2018/texmf-dist/fonts/type1/public/amsfonts/cm/cmsy10.pfb></usr/local/tex
live/2018/texmf-dist/fonts/type1/public/amsfonts/cm/cmsy6.pfb></usr/local/texli
ve/2018/texmf-dist/fonts/type1/public/amsfonts/cm/cmsy8.pfb></usr/local/texlive
/2018/texmf-dist/fonts/type1/public/amsfonts/cm/cmti12.pfb></usr/local/texlive/
2018/texmf-dist/fonts/type1/public/amsfonts/symbols/msbm10.pfb>
Output written on main.pdf (47 pages, 803987 bytes).
PDF statistics:
 1088 PDF objects out of 1200 (max. 8388607)
 887 compressed objects within 9 object streams
 279 named destinations out of 1000 (max. 500000)
 1105 words of extra memory for PDF output out of 10000 (max. 10000000)

